ENOENT: no such file or directory, open 'D:\MIU\daily-diary-fullstackjs-ci-cd\daily-diary-api\data\Posts_09-23-2024.json'
ENOENT: no such file or directory, open 'D:\MIU\daily-diary-fullstackjs-ci-cd\daily-diary-api\data\Posts_09-22-2024.json'
ENOENT: no such file or directory, open 'C:\miu-diary\cs472-project\daily-diary-api\data\Posts_09-24-2024.json'
ENOENT: no such file or directory, open 'C:\miu-diary\cs472-project\daily-diary-api\data\Posts_09-24-2024.json'
ENOENT: no such file or directory, open 'C:\miu-diary\cs472-project\daily-diary-api\data\Posts_09-24-2024.json'
ENOENT: no such file or directory, open 'C:\miu-diary\cs472-project\daily-diary-api\data\Posts_09-24-2024.json'
ENOENT: no such file or directory, open 'C:\miu-diary\cs472-project\daily-diary-api\data\Posts_09-24-2024.json'
ENOENT: no such file or directory, open 'C:\miu-diary\cs472-project\daily-diary-api\data\Posts_09-24-2024.json'
ENOENT: no such file or directory, open 'C:\miu-diary\cs472-project\daily-diary-api\data\Posts_09-24-2024.json'
ENOENT: no such file or directory, open 'C:\miu-diary\cs472-project\daily-diary-api\data\Posts_09-22-2024.json'
Not found post with id: delete
Not found post with id: delete
Not found post with id: delete
Not found post with id: delete
Not found post with id: delete
Not found post with id: delete
Not found post with id: delete
Not found post with id: delete
Not found post with id: delete
Not found post with id: delete
Not found post with id: delete
Not found post with id: delete
Not found post with id: delete
ENOENT: no such file or directory, open 'C:\miu-diary\cs472-project\daily-diary-api\data\09-24-2024'
Posts_09-24-2024.json
ENOENT: no such file or directory, open 'C:\miu-diary\cs472-project\daily-diary-api\data\09-24-2024'
Posts_09-24-2024.json
Not able to delete post with id: e9cae8e2-b88f-44ba-ace4-b126353564b3
ENOENT: no such file or directory, open 'C:\miu-diary\cs472-project\daily-diary-api\data\09-24-2024'
Posts_09-24-2024.json
ENOENT: no such file or directory, open 'C:\miu-diary\cs472-project\daily-diary-api\data\09-24-2024'
Posts_09-24-2024.json
Not able to delete post with id: 326fd73c-ec1a-428c-b7e6-ba2763c10b8f
ENOENT: no such file or directory, open 'C:\miu-diary\cs472-project\daily-diary-api\data\09-24-2024'
All the post [object Object]
Post Index0ENOENT: no such file or directory, open 'C:\miu-diary\cs472-project\daily-diary-api\data\09-24-2024'
All the post 
Post Index-1Not able to delete post with id: 56f41331-30a6-40d8-bd2b-37cbaa1807a9
ENOENT: no such file or directory, open 'C:\miu-diary\cs472-project\daily-diary-api\data\09-24-2024'
ENOENT: no such file or directory, open 'C:\miu-diary\cs472-project\daily-diary-api\data\09-24-2024'
ENOENT: no such file or directory, open 'C:\miu-diary\cs472-project\daily-diary-api\data\09-24-2024'
ENOENT: no such file or directory, open 'C:\miu-diary\cs472-project\daily-diary-api\data\09-24-2024'
ENOENT: no such file or directory, open 'C:\miu-diary\cs472-project\daily-diary-api\data\09-24-2024'
ENOENT: no such file or directory, open 'C:\miu-diary\cs472-project\daily-diary-api\data\09-24-2024'
ENOENT: no such file or directory, open 'C:\miu-diary\cs472-project\daily-diary-api\data\09-24-2024'
ENOENT: no such file or directory, open 'C:\miu-diary\cs472-project\daily-diary-api\data\09-24-2024'
ENOENT: no such file or directory, open 'C:\miu-diary\cs472-project\daily-diary-api\data\09-24-2024'
Not able to delete post with id: e4351918-65e7-4119-b7b2-6112e8010920
ENOENT: no such file or directory, open 'C:\miu-diary\cs472-project\daily-diary-api\data\09-24-2024'
All the posts [{"id":"00eeea1d-3f5b-4454-b468-602cf4efb044","title":"post1","body":"Hello Post","vote":6},{"id":"70a083fb-ccc9-402a-8a24-7839d54de246","title":"Post2","body":"Post2","vote":0},{"id":"6061bfb8-2cf6-4813-9018-0092b0667e06","title":"MyPost","body":"MyPost","vote":0}]
ENOENT: no such file or directory, open 'C:\miu-diary\cs472-project\daily-diary-api\data\09-24-2024'
All the posts [{"id":"70a083fb-ccc9-402a-8a24-7839d54de246","title":"Post2","body":"Post2","vote":0},{"id":"6061bfb8-2cf6-4813-9018-0092b0667e06","title":"MyPost","body":"MyPost","vote":0}]
Not able to delete post with id: 00eeea1d-3f5b-4454-b468-602cf4efb044
ENOENT: no such file or directory, open 'C:\miu-diary\cs472-project\daily-diary-api\data\09-24-2024'
Deleting function for id 2af1e667-257d-4755-bc06-601514c7bddbENOENT: no such file or directory, open 'C:\miu-diary\cs472-project\daily-diary-api\data\09-24-2024'
Not able to delete post with id: 2af1e667-257d-4755-bc06-601514c7bddb
ENOENT: no such file or directory, open 'C:\miu-diary\cs472-project\daily-diary-api\data\09-24-2024'
full FilePathENOENT: no such file or directory, open 'C:\miu-diary\cs472-project\daily-diary-api\data\09-24-2024'
ENOENT: no such file or directory, open 'C:\miu-diary\cs472-project\daily-diary-api\data\09-24-2024'
Not able to delete post with id: 70a083fb-ccc9-402a-8a24-7839d54de246
ENOENT: no such file or directory, open 'C:\miu-diary\cs472-project\daily-diary-api\data\09-24-2024'
ENOENT: no such file or directory, open 'C:\miu-diary\cs472-project\daily-diary-api\data\09-24-2024'
Not able to delete post with id: 6061bfb8-2cf6-4813-9018-0092b0667e06
File Read Error ENOENT: no such file or directory, open 'C:\miu-diary\cs472-project\daily-diary-api\data\09-24-2024'
File Read Error ENOENT: no such file or directory, open 'C:\miu-diary\cs472-project\daily-diary-api\data\09-24-2024'
Not able to delete post with id: c7cfbb51-32b7-4c93-ab3d-9175d8f3c0ad
File Read Error ENOENT: no such file or directory, open 'C:\miu-diary\cs472-project\daily-diary-api\data\09-24-2024'
File Read Error ENOENT: no such file or directory, open 'C:\miu-diary\cs472-project\daily-diary-api\data\Posts_Posts_09-24-2024.json.json'
Not able to delete post with id: 5bee9c96-04d0-49bb-9f06-e8fc99d98919
File Read Error ENOENT: no such file or directory, open 'C:\miu-diary\cs472-project\daily-diary-api\data\09-24-2024'
File name Posts_09-24-2024.jsonfull FilePathC:\miu-diary\cs472-project\daily-diary-api\data\Posts_09-24-2024.jsonFile Read Error ENOENT: no such file or directory, open 'C:\miu-diary\cs472-project\daily-diary-api\data\09-24-2024'
File name Posts_09-24-2024.jsonfull FilePathC:\miu-diary\cs472-project\daily-diary-api\data\Posts_09-24-2024.jsonNot able to delete post with id: 5bee9c96-04d0-49bb-9f06-e8fc99d98919
File Read Error ENOENT: no such file or directory, open 'C:\miu-diary\cs472-project\daily-diary-api\data\09-24-2024'
File name Posts_09-24-2024.jsonfull FilePathC:\miu-diary\cs472-project\daily-diary-api\data\Posts_09-24-2024.jsonFile Read Error ENOENT: no such file or directory, open 'C:\miu-diary\cs472-project\daily-diary-api\data\09-24-2024'
File name Posts_09-24-2024.jsonfull FilePathC:\miu-diary\cs472-project\daily-diary-api\data\Posts_09-24-2024.jsonNot able to delete post with id: e12b03b5-1574-4398-a0f3-54c0a5187000
File Read Error ENOENT: no such file or directory, open 'C:\miu-diary\cs472-project\daily-diary-api\data\09-24-2024'
File name Posts_09-24-2024.jsonfull FilePathC:\miu-diary\cs472-project\daily-diary-api\data\Posts_09-24-2024.json
File Read Error ENOENT: no such file or directory, open 'C:\miu-diary\cs472-project\daily-diary-api\data\09-24-2024'
File name Posts_09-24-2024.jsonfull FilePathC:\miu-diary\cs472-project\daily-diary-api\data\Posts_09-24-2024.json